<?xml version="1.0" encoding="UTF-8"?>
<!-- Generated by org.testng.reporters.JUnitReportReporter -->
<testsuite skipped="0" hostname="PIS076" name="Execution.Testcases" tests="8" failures="0" timestamp="2020-09-17T02:33:21 IST" time="483.954" errors="0">
  <testcase name="LoginTest" time="7.669" classname="Execution.Testcases"/>
  <system-out/>
  <testcase name="verifyImages" time="1.949" classname="Execution.Testcases"/>
  <system-out/>
  <testcase name="Addpomaster" time="18.591" classname="Execution.Testcases"/>
  <system-out/>
  <testcase name="podetail" time="13.897" classname="Execution.Testcases"/>
  <system-out/>
  <testcase name="CreateSalesOrder" time="15.879" classname="Execution.Testcases"/>
  <system-out/>
  <testcase name="SOdetail" time="21.263" classname="Execution.Testcases"/>
  <system-out/>
  <testcase name="inventory" time="194.166" classname="Execution.Testcases"/>
  <system-out/>
  <testcase name="SOdetails" time="210.540" classname="Execution.Testcases"/>
  <system-out/>
</testsuite> <!-- Execution.Testcases -->
