<?xml version="1.0" encoding="UTF-8"?>
<!-- Generated by org.testng.reporters.JUnitReportReporter -->
<testsuite skipped="0" hostname="PIS076" name="Execution.WIPtab" tests="3" failures="0" timestamp="2020-09-17T02:43:59 IST" time="11.988" errors="0">
  <testcase name="LoginTest" time="7.613" classname="Execution.WIPtab"/>
  <system-out/>
  <testcase name="verifyImages" time="2.009" classname="Execution.WIPtab"/>
  <system-out/>
  <testcase name="out" time="2.366" classname="Execution.WIPtab"/>
  <system-out/>
</testsuite> <!-- Execution.WIPtab -->
