<?xml version="1.0" encoding="UTF-8"?>
<!-- Generated by org.testng.reporters.JUnitReportReporter -->
<testsuite skipped="0" hostname="PIS076" name="Execution.Setuptab" tests="8" failures="0" timestamp="2020-09-17T01:46:52 IST" time="509.804" errors="0">
  <testcase name="LoginTest" time="7.481" classname="Execution.Setuptab"/>
  <system-out/>
  <testcase name="verifyImages" time="1.977" classname="Execution.Setuptab"/>
  <system-out/>
  <testcase name="setup_warehouse" time="117.453" classname="Execution.Setuptab"/>
  <system-out/>
  <testcase name="setup_location_bin" time="62.128" classname="Execution.Setuptab"/>
  <system-out/>
  <testcase name="add_user" time="76.586" classname="Execution.Setuptab"/>
  <system-out/>
  <testcase name="reason_for_adjust" time="55.634" classname="Execution.Setuptab"/>
  <system-out/>
  <testcase name="ship_mode" time="62.088" classname="Execution.Setuptab"/>
  <system-out/>
  <testcase name="setup1" time="126.457" classname="Execution.Setuptab"/>
  <system-out/>
</testsuite> <!-- Execution.Setuptab -->
